#
# A fatal error has been detected by the Java Runtime Environment:
#
#  EXCEPTION_ACCESS_VIOLATION (0xc0000005) at pc=0x67a2901a, pid=2508, tid=5780
#
# JRE version: Java(TM) SE Runtime Environment (7.0_71-b14) (build 1.7.0_71-b14)
# Java VM: Java HotSpot(TM) Client VM (24.71-b01 mixed mode, sharing windows-x86 )
# Problematic frame:
# C  [GooglePinyin2.ime+0x9901a]
#
# Failed to write core dump. Minidumps are not enabled by default on client versions of Windows
#
# If you would like to submit a bug report, please visit:
#   http://bugreport.sun.com/bugreport/crash.jsp
# The crash happened outside the Java Virtual Machine in native code.
# See problematic frame for where to report the bug.
#

---------------  T H R E A D  ---------------

Current thread (0x0435e400):  JavaThread "AWT-Windows" daemon [_thread_in_native, id=5780, stack(0x04880000,0x048d0000)]

siginfo: ExceptionCode=0xc0000005, reading address 0x00000004

Registers:
EAX=0x09a16c18, EBX=0x00000002, ECX=0x00000002, EDX=0x00000000
ESP=0x048cebec, EBP=0x048cec30, ESI=0x09a16c18, EDI=0x099f86a0
EIP=0x67a2901a, EFLAGS=0x00010246

Top of Stack: (sp=0x048cebec)
0x048cebec:   00000002 00000001 09a16c18 00000002
0x048cebfc:   67a265a3 001d03ca 09a16c18 00000111
0x048cec0c:   00000002 001d03ca 67a26ba2 09a16c18
0x048cec1c:   048cec30 00000001 00000111 048cec5c
0x048cec2c:   00000000 00000000 76cffe33 001d03ca
0x048cec3c:   00000111 00000002 001d03ca 00000111
0x048cec4c:   dcbaabcd 00000000 00000001 00000111
0x048cec5c:   048cecf8 76ce9c72 67a26b50 001d03ca 

Instructions: (pc=0x67a2901a)
0x67a28ffa:   c4 0c c3 83 c8 ff 83 c4 0c c3 cc cc cc cc cc cc
0x67a2900a:   cc cc cc cc cc cc 51 56 57 8b 78 04 8b 57 50 51
0x67a2901a:   8b 4a 04 e8 ce 9d ff ff 85 c0 74 32 8b 70 1c 85
0x67a2902a:   f6 74 2b 83 78 14 10 72 02 8b 00 8b c8 e8 94 a3 


Register to memory mapping:

EAX=0x09a16c18 is an unknown value
EBX=0x00000002 is an unknown value
ECX=0x00000002 is an unknown value
EDX=0x00000000 is an unknown value
ESP=0x048cebec is pointing into the stack for thread: 0x0435e400
EBP=0x048cec30 is pointing into the stack for thread: 0x0435e400
ESI=0x09a16c18 is an unknown value
EDI=0x099f86a0 is an unknown value


Stack: [0x04880000,0x048d0000],  sp=0x048cebec,  free space=314k
Native frames: (J=compiled Java code, j=interpreted, Vv=VM code, C=native code)
C  [GooglePinyin2.ime+0x9901a]

Java frames: (J=compiled Java code, j=interpreted, Vv=VM code)
j  sun.awt.windows.WToolkit.eventLoop()V+0
j  sun.awt.windows.WToolkit.run()V+61
j  java.lang.Thread.run()V+11
v  ~StubRoutines::call_stub

---------------  P R O C E S S  ---------------

Java Threads: ( => current thread )
  0x04324400 JavaThread "Thread-0" daemon [_thread_in_native, id=5216, stack(0x06630000,0x06680000)]
  0x0444f400 JavaThread "TimerQueue" daemon [_thread_blocked, id=1620, stack(0x065e0000,0x06630000)]
  0x0204c000 JavaThread "DestroyJavaVM" [_thread_blocked, id=4452, stack(0x010b0000,0x01100000)]
  0x0437c000 JavaThread "AWT-EventQueue-0" [_thread_blocked, id=1032, stack(0x06950000,0x069a0000)]
=>0x0435e400 JavaThread "AWT-Windows" daemon [_thread_in_native, id=5780, stack(0x04880000,0x048d0000)]
  0x0435dc00 JavaThread "AWT-Shutdown" [_thread_blocked, id=1640, stack(0x047f0000,0x04840000)]
  0x0435d000 JavaThread "Java2D Disposer" daemon [_thread_blocked, id=4576, stack(0x047a0000,0x047f0000)]
  0x042d7000 JavaThread "Monitor Ctrl-Break" daemon [_thread_in_native, id=3684, stack(0x044d0000,0x04520000)]
  0x01ef6000 JavaThread "Service Thread" daemon [_thread_blocked, id=4924, stack(0x04230000,0x04280000)]
  0x01ef1400 JavaThread "C1 CompilerThread0" daemon [_thread_blocked, id=5896, stack(0x041e0000,0x04230000)]
  0x01ee4c00 JavaThread "Attach Listener" daemon [_thread_blocked, id=5044, stack(0x04190000,0x041e0000)]
  0x01ee2c00 JavaThread "Signal Dispatcher" daemon [_thread_blocked, id=5452, stack(0x04140000,0x04190000)]
  0x01e74400 JavaThread "Finalizer" daemon [_thread_blocked, id=660, stack(0x040f0000,0x04140000)]
  0x01e6f000 JavaThread "Reference Handler" daemon [_thread_blocked, id=4464, stack(0x040a0000,0x040f0000)]

Other Threads:
  0x01e6dc00 VMThread [stack: 0x04050000,0x040a0000] [id=3108]
  0x01f1b000 WatcherThread [stack: 0x04280000,0x042d0000] [id=2744]

VM state:not at safepoint (normal execution)

VM Mutex/Monitor currently owned by a thread: None

Heap
 def new generation   total 4928K, used 4368K [0x24000000, 0x24550000, 0x29550000)
  eden space 4416K,  98% used [0x24000000, 0x244443a8, 0x24450000)
  from space 512K,   0% used [0x24450000, 0x24450000, 0x244d0000)
  to   space 512K,   0% used [0x244d0000, 0x244d0000, 0x24550000)
 tenured generation   total 10944K, used 0K [0x29550000, 0x2a000000, 0x34000000)
   the space 10944K,   0% used [0x29550000, 0x29550000, 0x29550200, 0x2a000000)
 compacting perm gen  total 12288K, used 1469K [0x34000000, 0x34c00000, 0x38000000)
   the space 12288K,  11% used [0x34000000, 0x3416f480, 0x3416f600, 0x34c00000)
    ro space 10240K,  44% used [0x38000000, 0x3847aee0, 0x3847b000, 0x38a00000)
    rw space 12288K,  52% used [0x38a00000, 0x39042e10, 0x39043000, 0x39600000)

Card table byte_map: [0x01f50000,0x02000000] byte_map_base: 0x01e30000

Polling page: 0x00d80000

Code Cache  [0x02050000, 0x02130000, 0x04050000)
 total_blobs=457 nmethods=225 adapters=169 free_code_cache=31881Kb largest_free_block=32646976

Compilation events (10 events):
Event: 10.680 Thread 0x01ef1400  220             java.util.IdentityHashMap::maskNull (12 bytes)
Event: 10.680 Thread 0x01ef1400 nmethod 220 0x0212c748 code [0x0212c840, 0x0212c8c0]
Event: 10.680 Thread 0x01ef1400  221             java.util.IdentityHashMap::hash (18 bytes)
Event: 10.680 Thread 0x01ef1400 nmethod 221 0x0212c908 code [0x0212ca00, 0x0212ca9c]
Event: 11.439 Thread 0x01ef1400  222   !         java.awt.EventQueue::getNextEvent (84 bytes)
Event: 11.440 Thread 0x01ef1400 nmethod 222 0x0212cb08 code [0x0212cc70, 0x0212ce60]
Event: 11.894 Thread 0x01ef1400  223             java.awt.event.MouseEvent::getModifiersEx (29 bytes)
Event: 11.895 Thread 0x01ef1400 nmethod 223 0x0212d088 code [0x0212d180, 0x0212d23c]
Event: 11.895 Thread 0x01ef1400  224             java.util.IdentityHashMap::get (60 bytes)
Event: 11.895 Thread 0x01ef1400 nmethod 224 0x0212d2c8 code [0x0212d3d0, 0x0212d50c]

GC Heap History (0 events):
No events

Deoptimization events (0 events):
No events

Internal exceptions (10 events):
Event: 0.345 Thread 0x0204c000 Threw 0x242155c0 at C:\re\jdk7u71\1605\hotspot\src\share\vm\classfile\systemDictionary.cpp:185
Event: 0.345 Thread 0x0204c000 Threw 0x24215ed0 at C:\re\jdk7u71\1605\hotspot\src\share\vm\classfile\systemDictionary.cpp:185
Event: 0.359 Thread 0x0204c000 Threw 0x24270798 at C:\re\jdk7u71\1605\hotspot\src\share\vm\prims\jvm.cpp:1281
Event: 0.359 Thread 0x0204c000 Threw 0x24272ca8 at C:\re\jdk7u71\1605\hotspot\src\share\vm\prims\jvm.cpp:1281
Event: 0.359 Thread 0x0204c000 Threw 0x242759c0 at C:\re\jdk7u71\1605\hotspot\src\share\vm\prims\jvm.cpp:1281
Event: 0.360 Thread 0x0204c000 Threw 0x24277f58 at C:\re\jdk7u71\1605\hotspot\src\share\vm\prims\jvm.cpp:1281
Event: 0.360 Thread 0x0204c000 Threw 0x2427c560 at C:\re\jdk7u71\1605\hotspot\src\share\vm\prims\jvm.cpp:1281
Event: 0.360 Thread 0x0204c000 Threw 0x2427ea70 at C:\re\jdk7u71\1605\hotspot\src\share\vm\prims\jvm.cpp:1281
Event: 0.361 Thread 0x0204c000 Threw 0x242816e0 at C:\re\jdk7u71\1605\hotspot\src\share\vm\prims\jvm.cpp:1281
Event: 0.361 Thread 0x0204c000 Threw 0x24283c78 at C:\re\jdk7u71\1605\hotspot\src\share\vm\prims\jvm.cpp:1281

Events (10 events):
Event: 1.577 loading class 0x04335290
Event: 1.577 loading class 0x04335290 done
Event: 1.935 loading class 0x396ba570
Event: 1.935 loading class 0x396ba570 done
Event: 4.102 Executing VM operation: EnableBiasedLocking
Event: 4.102 Executing VM operation: EnableBiasedLocking done
Event: 14.351 Thread 0x04324400 Thread added: 0x04324400
Event: 14.351 Thread 0x04324c00 Thread added: 0x04324c00
Event: 14.352 Thread 0x04324c00 Thread exited: 0x04324c00
Event: 14.352 Thread 0x0444c800 Thread exited: 0x0444c800


Dynamic libraries:
0x01220000 - 0x0124f000 	C:\Program Files\Java\jdk1.7.0_71\bin\java.exe
0x77890000 - 0x77a0a000 	C:\Windows\SYSTEM32\ntdll.dll
0x774c0000 - 0x77555000 	C:\Windows\system32\KERNEL32.DLL
0x74fc0000 - 0x7512a000 	C:\Windows\system32\KERNELBASE.dll
0x73b90000 - 0x73c25000 	C:\Windows\system32\apphelp.dll
0x74f60000 - 0x74f7c000 	C:\Windows\system32\bcrypt.dll
0x77260000 - 0x772da000 	C:\Windows\system32\ADVAPI32.dll
0x755e0000 - 0x7569e000 	C:\Windows\system32\msvcrt.dll
0x756a0000 - 0x756e2000 	C:\Windows\system32\sechost.dll
0x775c0000 - 0x77691000 	C:\Windows\system32\RPCRT4.dll
0x76cd0000 - 0x76e2a000 	C:\Windows\system32\USER32.dll
0x75440000 - 0x7558c000 	C:\Windows\system32\GDI32.dll
0x72b70000 - 0x72d7d000 	C:\Windows\WinSxS\x86_microsoft.windows.common-controls_6595b64144ccf1df_6.0.9926.0_none_2203b4f072dcfff0\COMCTL32.dll
0x776a0000 - 0x776ce000 	C:\Windows\system32\IMM32.DLL
0x76e30000 - 0x76f49000 	C:\Windows\system32\MSCTF.dll
0x76f60000 - 0x76ff2000 	C:\Windows\system32\OLEAUT32.dll
0x76b40000 - 0x76ccc000 	C:\Windows\system32\combase.dll
0x5b210000 - 0x5b2cf000 	C:\Program Files\Java\jdk1.7.0_71\jre\bin\msvcr100.dll
0x51400000 - 0x51789000 	C:\Program Files\Java\jdk1.7.0_71\jre\bin\client\jvm.dll
0x76b30000 - 0x76b36000 	C:\Windows\system32\PSAPI.DLL
0x64ad0000 - 0x64ad8000 	C:\Windows\SYSTEM32\WSOCK32.dll
0x735e0000 - 0x73603000 	C:\Windows\SYSTEM32\WINMM.dll
0x77840000 - 0x77890000 	C:\Windows\system32\WS2_32.dll
0x76b20000 - 0x76b27000 	C:\Windows\system32\NSI.dll
0x00d50000 - 0x00d73000 	C:\Windows\SYSTEM32\WINMMBASE.dll
0x74f80000 - 0x74fb6000 	C:\Windows\system32\cfgmgr32.dll
0x73d90000 - 0x73db1000 	C:\Windows\SYSTEM32\DEVOBJ.dll
0x6fc90000 - 0x6fc9c000 	C:\Program Files\Java\jdk1.7.0_71\jre\bin\verify.dll
0x6fc70000 - 0x6fc90000 	C:\Program Files\Java\jdk1.7.0_71\jre\bin\java.dll
0x6de00000 - 0x6de13000 	C:\Program Files\Java\jdk1.7.0_71\jre\bin\zip.dll
0x10000000 - 0x10007000 	D:\Program Files\JetBrains\IntelliJ IDEA 14.0.2\bin\breakgen.dll
0x6cb10000 - 0x6cb24000 	C:\Program Files\Java\jdk1.7.0_71\jre\bin\net.dll
0x74940000 - 0x7498b000 	C:\Windows\system32\mswsock.dll
0x584d0000 - 0x58613000 	C:\Program Files\Java\jdk1.7.0_71\jre\bin\awt.dll
0x738f0000 - 0x7390c000 	C:\Windows\system32\DWMAPI.DLL
0x73ca0000 - 0x73d3f000 	C:\Windows\system32\uxtheme.dll
0x77370000 - 0x77451000 	C:\Windows\system32\ole32.dll
0x73f80000 - 0x73f8a000 	C:\Windows\SYSTEM32\kernel.appcore.dll
0x74e40000 - 0x74e4a000 	C:\Windows\SYSTEM32\CRYPTBASE.dll
0x74de0000 - 0x74e36000 	C:\Windows\SYSTEM32\bcryptPrimitives.dll
0x5d800000 - 0x5d9cf000 	C:\Windows\system32\d3d9.dll
0x6fd80000 - 0x6fe3c000 	C:\Windows\SYSTEM32\aticfx32.dll
0x6fca0000 - 0x6fcab000 	C:\Windows\SYSTEM32\atiu9pag.dll
0x70bd0000 - 0x70bd8000 	C:\Windows\SYSTEM32\VERSION.dll
0x58620000 - 0x58a4d000 	C:\Windows\SYSTEM32\atiumdag.dll
0x51790000 - 0x51b99000 	C:\Windows\SYSTEM32\atiumdva.dll
0x756f0000 - 0x76ac5000 	C:\Windows\system32\SHELL32.dll
0x75590000 - 0x755d3000 	C:\Windows\system32\SHLWAPI.dll
0x77000000 - 0x77086000 	C:\Windows\system32\shcore.dll
0x5b510000 - 0x5b549000 	C:\Program Files\Java\jdk1.7.0_71\jre\bin\fontmanager.dll
0x6fc60000 - 0x6fc6f000 	C:\Program Files\Java\jdk1.7.0_71\jre\bin\nio.dll
0x5b1e0000 - 0x5b210000 	C:\Program Files\Java\jdk1.7.0_71\jre\bin\t2k.dll
0x772e0000 - 0x77362000 	C:\Windows\system32\clbcatq.dll
0x67990000 - 0x67cea000 	C:\Windows\SYSTEM32\GooglePinyin2.ime
0x75130000 - 0x752be000 	C:\Windows\system32\CRYPT32.dll
0x74f50000 - 0x74f5e000 	C:\Windows\system32\MSASN1.dll
0x75360000 - 0x7539e000 	C:\Windows\system32\WINTRUST.dll
0x67970000 - 0x67986000 	C:\Windows\SYSTEM32\USP10.dll
0x72160000 - 0x72166000 	C:\Windows\SYSTEM32\MSIMG32.dll
0x69b70000 - 0x69cc0000 	C:\Windows\SYSTEM32\dbghelp.dll
0x6c0d0000 - 0x6c2d5000 	C:\Windows\SYSTEM32\WININET.dll
0x71b80000 - 0x71cec000 	C:\Windows\WinSxS\x86_microsoft.windows.gdiplus_6595b64144ccf1df_1.1.9926.0_none_b4602cc3ea958f0a\gdiplus.dll
0x6ea30000 - 0x6eccc000 	C:\Windows\SYSTEM32\iertutil.dll
0x676f0000 - 0x67967000 	C:\Windows\AppPatch\AcLayers.DLL
0x770b0000 - 0x77252000 	C:\Windows\system32\SETUPAPI.dll
0x6bcb0000 - 0x6bcc6000 	C:\Windows\SYSTEM32\MPR.dll
0x676e0000 - 0x676e3000 	C:\Windows\SYSTEM32\sfc.dll
0x71cf0000 - 0x71d54000 	C:\Windows\SYSTEM32\WINSPOOL.DRV
0x6ecf0000 - 0x6ecff000 	C:\Windows\SYSTEM32\sfc_os.DLL
0x6e690000 - 0x6e909000 	C:\Windows\SYSTEM32\esent.dll
0x74c40000 - 0x74c63000 	C:\Windows\SYSTEM32\SspiCli.dll
0x74530000 - 0x74558000 	C:\Windows\SYSTEM32\ntmarta.dll
0x67230000 - 0x673c3000 	C:\Windows\System32\msxml3.dll
0x730c0000 - 0x73235000 	C:\Windows\SYSTEM32\WindowsCodecs.dll
0x71880000 - 0x71a5b000 	C:\Windows\SYSTEM32\DWrite.dll

VM Arguments:
jvm_args: -Didea.launcher.port=7540 -Didea.launcher.bin.path=D:\Program Files\JetBrains\IntelliJ IDEA 14.0.2\bin -Dfile.encoding=UTF-8 
java_command: com.intellij.rt.execution.application.AppMain FormatChooser
Launcher Type: SUN_STANDARD

Environment Variables:
PATH=C:\Windows\system32;C:\Windows;C:\Windows\System32\Wbem;C:\Windows\System32\WindowsPowerShell\v1.0\
USERNAME=Administrator
OS=Windows_NT
PROCESSOR_IDENTIFIER=x86 Family 6 Model 37 Stepping 5, GenuineIntel



---------------  S Y S T E M  ---------------

OS: Windows 8.1 Build 9600 

CPU:total 4 (2 cores per cpu, 2 threads per core) family 6 model 37 stepping 5, cmov, cx8, fxsr, mmx, sse, sse2, sse3, ssse3, sse4.1, sse4.2, popcnt, ht, tsc, tscinvbit

Memory: 4k page, physical 2019888k(630060k free), swap 5050928k(2875344k free)

vm_info: Java HotSpot(TM) Client VM (24.71-b01) for windows-x86 JRE (1.7.0_71-b14), built on Sep 26 2014 16:30:49 by "java_re" with unknown MS VC++:1600

time: Tue Mar 03 17:43:16 2015
elapsed time: 14 seconds

