#
# A fatal error has been detected by the Java Runtime Environment:
#
#  EXCEPTION_ACCESS_VIOLATION (0xc0000005) at pc=0x6871901a, pid=324, tid=2976
#
# JRE version: Java(TM) SE Runtime Environment (7.0_71-b14) (build 1.7.0_71-b14)
# Java VM: Java HotSpot(TM) Client VM (24.71-b01 mixed mode, sharing windows-x86 )
# Problematic frame:
# C  [GooglePinyin2.ime+0x9901a]
#
# Failed to write core dump. Minidumps are not enabled by default on client versions of Windows
#
# If you would like to submit a bug report, please visit:
#   http://bugreport.sun.com/bugreport/crash.jsp
# The crash happened outside the Java Virtual Machine in native code.
# See problematic frame for where to report the bug.
#

---------------  T H R E A D  ---------------

Current thread (0x048ac000):  JavaThread "AWT-Windows" daemon [_thread_in_native, id=2976, stack(0x04dc0000,0x04e10000)]

siginfo: ExceptionCode=0xc0000005, reading address 0x00000004

Registers:
EAX=0x0a1f7e00, EBX=0x00000002, ECX=0x00000002, EDX=0x00000000
ESP=0x04e0f0bc, EBP=0x04e0f100, ESI=0x0a1f7e00, EDI=0x0a1cdcc0
EIP=0x6871901a, EFLAGS=0x00010246

Top of Stack: (sp=0x04e0f0bc)
0x04e0f0bc:   00000002 00000001 0a1f7e00 00000002
0x04e0f0cc:   687165a3 000403c2 0a1f7e00 00000111
0x04e0f0dc:   00000002 000403c2 68716ba2 0a1f7e00
0x04e0f0ec:   04e0f100 00000001 00000111 04e0f12c
0x04e0f0fc:   00000000 00000000 7585fe33 000403c2
0x04e0f10c:   00000111 00000002 000403c2 00000111
0x04e0f11c:   dcbaabcd 00000000 00000001 00000111
0x04e0f12c:   04e0f1c8 75849c72 68716b50 000403c2 

Instructions: (pc=0x6871901a)
0x68718ffa:   c4 0c c3 83 c8 ff 83 c4 0c c3 cc cc cc cc cc cc
0x6871900a:   cc cc cc cc cc cc 51 56 57 8b 78 04 8b 57 50 51
0x6871901a:   8b 4a 04 e8 ce 9d ff ff 85 c0 74 32 8b 70 1c 85
0x6871902a:   f6 74 2b 83 78 14 10 72 02 8b 00 8b c8 e8 94 a3 


Register to memory mapping:

EAX=0x0a1f7e00 is an unknown value
EBX=0x00000002 is an unknown value
ECX=0x00000002 is an unknown value
EDX=0x00000000 is an unknown value
ESP=0x04e0f0bc is pointing into the stack for thread: 0x048ac000
EBP=0x04e0f100 is pointing into the stack for thread: 0x048ac000
ESI=0x0a1f7e00 is an unknown value
EDI=0x0a1cdcc0 is an unknown value


Stack: [0x04dc0000,0x04e10000],  sp=0x04e0f0bc,  free space=316k
Native frames: (J=compiled Java code, j=interpreted, Vv=VM code, C=native code)
C  [GooglePinyin2.ime+0x9901a]

Java frames: (J=compiled Java code, j=interpreted, Vv=VM code)
j  sun.awt.windows.WToolkit.eventLoop()V+0
j  sun.awt.windows.WToolkit.run()V+61
j  java.lang.Thread.run()V+11
v  ~StubRoutines::call_stub

---------------  P R O C E S S  ---------------

Java Threads: ( => current thread )
  0x04880c00 JavaThread "Thread-0" daemon [_thread_in_native, id=1036, stack(0x0a790000,0x0a7e0000)]
  0x04924800 JavaThread "TimerQueue" daemon [_thread_blocked, id=3188, stack(0x0a5d0000,0x0a620000)]
  0x0111c000 JavaThread "DestroyJavaVM" [_thread_blocked, id=1624, stack(0x01f50000,0x01fa0000)]
  0x048da400 JavaThread "AWT-EventQueue-0" [_thread_blocked, id=2344, stack(0x06e10000,0x06e60000)]
  0x048a9400 JavaThread "AWT-Shutdown" [_thread_blocked, id=3776, stack(0x04d70000,0x04dc0000)]
=>0x048ac000 JavaThread "AWT-Windows" daemon [_thread_in_native, id=2976, stack(0x04dc0000,0x04e10000)]
  0x048a8800 JavaThread "Java2D Disposer" daemon [_thread_blocked, id=772, stack(0x04c00000,0x04c50000)]
  0x04885000 JavaThread "Monitor Ctrl-Break" daemon [_thread_in_native, id=1208, stack(0x04b50000,0x04ba0000)]
  0x02427800 JavaThread "Service Thread" daemon [_thread_blocked, id=2576, stack(0x04780000,0x047d0000)]
  0x02426000 JavaThread "C1 CompilerThread0" daemon [_thread_blocked, id=2476, stack(0x04730000,0x04780000)]
  0x02424c00 JavaThread "Attach Listener" daemon [_thread_blocked, id=1924, stack(0x046e0000,0x04730000)]
  0x02423c00 JavaThread "Signal Dispatcher" daemon [_thread_blocked, id=1556, stack(0x04690000,0x046e0000)]
  0x023b0800 JavaThread "Finalizer" daemon [_thread_blocked, id=2560, stack(0x04640000,0x04690000)]
  0x023af000 JavaThread "Reference Handler" daemon [_thread_blocked, id=2484, stack(0x045f0000,0x04640000)]

Other Threads:
  0x023adc00 VMThread [stack: 0x045a0000,0x045f0000] [id=2948]
  0x0243ac00 WatcherThread [stack: 0x047d0000,0x04820000] [id=3748]

VM state:not at safepoint (normal execution)

VM Mutex/Monitor currently owned by a thread: None

Heap
 def new generation   total 4928K, used 4183K [0x24000000, 0x24550000, 0x29550000)
  eden space 4416K,  94% used [0x24000000, 0x24415fc8, 0x24450000)
  from space 512K,   0% used [0x24450000, 0x24450000, 0x244d0000)
  to   space 512K,   0% used [0x244d0000, 0x244d0000, 0x24550000)
 tenured generation   total 10944K, used 0K [0x29550000, 0x2a000000, 0x34000000)
   the space 10944K,   0% used [0x29550000, 0x29550000, 0x29550200, 0x2a000000)
 compacting perm gen  total 12288K, used 1570K [0x34000000, 0x34c00000, 0x38000000)
   the space 12288K,  12% used [0x34000000, 0x34188a08, 0x34188c00, 0x34c00000)
    ro space 10240K,  44% used [0x38000000, 0x3847aee0, 0x3847b000, 0x38a00000)
    rw space 12288K,  52% used [0x38a00000, 0x39042e10, 0x39043000, 0x39600000)

Card table byte_map: [0x04490000,0x04540000] byte_map_base: 0x04370000

Polling page: 0x01100000

Code Cache  [0x02490000, 0x02570000, 0x04490000)
 total_blobs=429 nmethods=203 adapters=163 free_code_cache=31900Kb largest_free_block=32666240

Compilation events (10 events):
Event: 12.259 Thread 0x02426000  197             sun.java2d.d3d.D3DSurfaceData::getType (5 bytes)
Event: 12.259 Thread 0x02426000 nmethod 197 0x025677c8 code [0x025678c0, 0x02567940]
Event: 12.259 Thread 0x02426000  198             sun.java2d.pipe.RenderQueue::ensureCapacityAndAlignment (13 bytes)
Event: 12.260 Thread 0x02426000 nmethod 198 0x02567988 code [0x02567a90, 0x02567bac]
Event: 12.598 Thread 0x02426000  200             java.util.concurrent.locks.ReentrantLock$Sync::nonfairTryAcquire (67 bytes)
Event: 12.598 Thread 0x02426000 nmethod 200 0x02567fc8 code [0x025680d0, 0x0256824c]
Event: 12.598 Thread 0x02426000  201   !         sun.awt.PostEventQueue::flush (84 bytes)
Event: 12.599 Thread 0x02426000 nmethod 201 0x025682c8 code [0x025683e0, 0x025686c8]
Event: 12.621 Thread 0x02426000  202             java.awt.EventQueue::eventToCacheIndex (69 bytes)
Event: 12.622 Thread 0x02426000 nmethod 202 0x02568888 code [0x02568980, 0x02568aa0]

GC Heap History (0 events):
No events

Deoptimization events (0 events):
No events

Internal exceptions (10 events):
Event: 3.475 Thread 0x0111c000 Threw 0x241d18e8 at C:\re\jdk7u71\1605\hotspot\src\share\vm\classfile\systemDictionary.cpp:185
Event: 3.475 Thread 0x0111c000 Threw 0x241d21f8 at C:\re\jdk7u71\1605\hotspot\src\share\vm\classfile\systemDictionary.cpp:185
Event: 3.601 Thread 0x0111c000 Threw 0x2422cbb8 at C:\re\jdk7u71\1605\hotspot\src\share\vm\prims\jvm.cpp:1281
Event: 3.601 Thread 0x0111c000 Threw 0x2422f098 at C:\re\jdk7u71\1605\hotspot\src\share\vm\prims\jvm.cpp:1281
Event: 3.601 Thread 0x0111c000 Threw 0x24247f78 at C:\re\jdk7u71\1605\hotspot\src\share\vm\prims\jvm.cpp:1281
Event: 3.601 Thread 0x0111c000 Threw 0x2424a4e8 at C:\re\jdk7u71\1605\hotspot\src\share\vm\prims\jvm.cpp:1281
Event: 3.602 Thread 0x0111c000 Threw 0x2424eac0 at C:\re\jdk7u71\1605\hotspot\src\share\vm\prims\jvm.cpp:1281
Event: 3.602 Thread 0x0111c000 Threw 0x24250fa0 at C:\re\jdk7u71\1605\hotspot\src\share\vm\prims\jvm.cpp:1281
Event: 3.603 Thread 0x0111c000 Threw 0x24253bd0 at C:\re\jdk7u71\1605\hotspot\src\share\vm\prims\jvm.cpp:1281
Event: 3.603 Thread 0x0111c000 Threw 0x24256140 at C:\re\jdk7u71\1605\hotspot\src\share\vm\prims\jvm.cpp:1281

Events (10 events):
Event: 9.982 loading class 0x39741578
Event: 10.008 loading class 0x39741538
Event: 10.008 loading class 0x39741538 done
Event: 10.008 loading class 0x39741578 done
Event: 13.230 Thread 0x04882800 Thread added: 0x04882800
Event: 13.230 Thread 0x04880c00 Thread added: 0x04880c00
Event: 13.231 Thread 0x04882800 Thread exited: 0x04882800
Event: 13.231 Executing VM operation: RevokeBias
Event: 13.231 Executing VM operation: RevokeBias done
Event: 13.231 Thread 0x04913000 Thread exited: 0x04913000


Dynamic libraries:
0x00840000 - 0x0086f000 	C:\Program Files\Java\jdk1.7.0_71\bin\java.exe
0x77d20000 - 0x77e9a000 	C:\Windows\SYSTEM32\ntdll.dll
0x75a30000 - 0x75ac5000 	C:\Windows\system32\KERNEL32.DLL
0x75450000 - 0x755ba000 	C:\Windows\system32\KERNELBASE.dll
0x73df0000 - 0x73e85000 	C:\Windows\system32\apphelp.dll
0x753e0000 - 0x753fc000 	C:\Windows\system32\bcrypt.dll
0x774f0000 - 0x7756a000 	C:\Windows\system32\ADVAPI32.dll
0x77660000 - 0x7771e000 	C:\Windows\system32\msvcrt.dll
0x77a30000 - 0x77a72000 	C:\Windows\system32\sechost.dll
0x76fc0000 - 0x77091000 	C:\Windows\system32\RPCRT4.dll
0x75830000 - 0x7598a000 	C:\Windows\system32\USER32.dll
0x77a80000 - 0x77bcc000 	C:\Windows\system32\GDI32.dll
0x73000000 - 0x7320d000 	C:\Windows\WinSxS\x86_microsoft.windows.common-controls_6595b64144ccf1df_6.0.9926.0_none_2203b4f072dcfff0\COMCTL32.dll
0x75b20000 - 0x75b4e000 	C:\Windows\system32\IMM32.DLL
0x77c00000 - 0x77d19000 	C:\Windows\system32\MSCTF.dll
0x75990000 - 0x75a22000 	C:\Windows\system32\OLEAUT32.dll
0x770a0000 - 0x7722c000 	C:\Windows\system32\combase.dll
0x64f90000 - 0x6504f000 	C:\Program Files\Java\jdk1.7.0_71\jre\bin\msvcr100.dll
0x5d090000 - 0x5d419000 	C:\Program Files\Java\jdk1.7.0_71\jre\bin\client\jvm.dll
0x773a0000 - 0x773a6000 	C:\Windows\system32\PSAPI.DLL
0x68270000 - 0x68278000 	C:\Windows\SYSTEM32\WSOCK32.dll
0x73dc0000 - 0x73de3000 	C:\Windows\SYSTEM32\WINMM.dll
0x75ad0000 - 0x75b20000 	C:\Windows\system32\WS2_32.dll
0x77bd0000 - 0x77bd7000 	C:\Windows\system32\NSI.dll
0x73c00000 - 0x73c23000 	C:\Windows\SYSTEM32\WINMMBASE.dll
0x75410000 - 0x75446000 	C:\Windows\system32\cfgmgr32.dll
0x74180000 - 0x741a1000 	C:\Windows\SYSTEM32\DEVOBJ.dll
0x6c810000 - 0x6c81c000 	C:\Program Files\Java\jdk1.7.0_71\jre\bin\verify.dll
0x6c7f0000 - 0x6c810000 	C:\Program Files\Java\jdk1.7.0_71\jre\bin\java.dll
0x6c7a0000 - 0x6c7b3000 	C:\Program Files\Java\jdk1.7.0_71\jre\bin\zip.dll
0x10000000 - 0x10007000 	D:\Program Files\JetBrains\IntelliJ IDEA 14.0.2\bin\breakgen.dll
0x6c6f0000 - 0x6c704000 	C:\Program Files\Java\jdk1.7.0_71\jre\bin\net.dll
0x74d90000 - 0x74ddb000 	C:\Windows\system32\mswsock.dll
0x60bd0000 - 0x60d13000 	C:\Program Files\Java\jdk1.7.0_71\jre\bin\awt.dll
0x73c30000 - 0x73c4c000 	C:\Windows\system32\DWMAPI.DLL
0x741b0000 - 0x7424f000 	C:\Windows\system32\uxtheme.dll
0x77400000 - 0x774e1000 	C:\Windows\system32\ole32.dll
0x74410000 - 0x7441a000 	C:\Windows\SYSTEM32\kernel.appcore.dll
0x752d0000 - 0x752da000 	C:\Windows\SYSTEM32\CRYPTBASE.dll
0x75270000 - 0x752c6000 	C:\Windows\SYSTEM32\bcryptPrimitives.dll
0x5fa50000 - 0x5fc1f000 	C:\Windows\system32\d3d9.dll
0x70870000 - 0x7092c000 	C:\Windows\SYSTEM32\aticfx32.dll
0x6c0e0000 - 0x6c0eb000 	C:\Windows\SYSTEM32\atiu9pag.dll
0x70bc0000 - 0x70bc8000 	C:\Windows\SYSTEM32\VERSION.dll
0x5cc60000 - 0x5d08d000 	C:\Windows\SYSTEM32\atiumdag.dll
0x5c850000 - 0x5cc59000 	C:\Windows\SYSTEM32\atiumdva.dll
0x75b50000 - 0x76f25000 	C:\Windows\system32\SHELL32.dll
0x773b0000 - 0x773f3000 	C:\Windows\system32\SHLWAPI.dll
0x77570000 - 0x775f6000 	C:\Windows\system32\shcore.dll
0x6c080000 - 0x6c0b9000 	C:\Program Files\Java\jdk1.7.0_71\jre\bin\fontmanager.dll
0x6c7e0000 - 0x6c7ef000 	C:\Program Files\Java\jdk1.7.0_71\jre\bin\nio.dll
0x64f60000 - 0x64f90000 	C:\Program Files\Java\jdk1.7.0_71\jre\bin\t2k.dll
0x76f30000 - 0x76fb2000 	C:\Windows\system32\clbcatq.dll
0x73210000 - 0x73385000 	C:\Windows\SYSTEM32\WindowsCodecs.dll
0x75370000 - 0x7537f000 	C:\Windows\SYSTEM32\profapi.dll
0x74de0000 - 0x74df2000 	C:\Windows\system32\CRYPTSP.dll
0x74aa0000 - 0x74acf000 	C:\Windows\system32\rsaenh.dll
0x6c770000 - 0x6c784000 	C:\Windows\system32\dataexchange.dll
0x6af20000 - 0x6afc0000 	C:\Windows\system32\TWINAPI.dll
0x6e440000 - 0x6e871000 	C:\Windows\system32\d2d1.dll
0x71370000 - 0x7154b000 	C:\Windows\system32\DWrite.dll
0x70c30000 - 0x70df6000 	C:\Windows\system32\d3d11.dll
0x74270000 - 0x742e1000 	C:\Windows\system32\dcomp.dll
0x70b30000 - 0x70ba5000 	C:\Windows\system32\dxgi.dll
0x742f0000 - 0x74384000 	C:\Windows\system32\twinapi.appcore.dll
0x64780000 - 0x647a4000 	C:\Program Files\Java\jdk1.7.0_71\jre\bin\dcpr.dll
0x68680000 - 0x689da000 	C:\Windows\SYSTEM32\GooglePinyin2.ime
0x755c0000 - 0x7574e000 	C:\Windows\system32\CRYPT32.dll
0x75400000 - 0x7540e000 	C:\Windows\system32\MSASN1.dll
0x75750000 - 0x7578e000 	C:\Windows\system32\WINTRUST.dll
0x68660000 - 0x68676000 	C:\Windows\SYSTEM32\USP10.dll
0x72f70000 - 0x72f76000 	C:\Windows\SYSTEM32\MSIMG32.dll
0x6c940000 - 0x6ca90000 	C:\Windows\SYSTEM32\dbghelp.dll
0x71bb0000 - 0x71d1c000 	C:\Windows\WinSxS\x86_microsoft.windows.gdiplus_6595b64144ccf1df_1.1.9926.0_none_b4602cc3ea958f0a\gdiplus.dll
0x6dd80000 - 0x6df85000 	C:\Windows\SYSTEM32\WININET.dll
0x6f800000 - 0x6fa9c000 	C:\Windows\SYSTEM32\iertutil.dll
0x6aca0000 - 0x6af17000 	C:\Windows\AppPatch\AcLayers.DLL
0x77720000 - 0x778c2000 	C:\Windows\system32\SETUPAPI.dll
0x6c480000 - 0x6c496000 	C:\Windows\SYSTEM32\MPR.dll
0x6b4c0000 - 0x6b4c3000 	C:\Windows\SYSTEM32\sfc.dll
0x724d0000 - 0x72534000 	C:\Windows\SYSTEM32\WINSPOOL.DRV
0x70800000 - 0x7080f000 	C:\Windows\SYSTEM32\sfc_os.DLL
0x6f400000 - 0x6f679000 	C:\Windows\SYSTEM32\esent.dll
0x750d0000 - 0x750f3000 	C:\Windows\SYSTEM32\SspiCli.dll
0x74970000 - 0x74998000 	C:\Windows\SYSTEM32\ntmarta.dll
0x65ec0000 - 0x66053000 	C:\Windows\System32\msxml3.dll

VM Arguments:
jvm_args: -Didea.launcher.port=7532 -Didea.launcher.bin.path=D:\Program Files\JetBrains\IntelliJ IDEA 14.0.2\bin -Dfile.encoding=UTF-8 
java_command: com.intellij.rt.execution.application.AppMain Calculator
Launcher Type: SUN_STANDARD

Environment Variables:
PATH=C:\Windows\system32;C:\Windows;C:\Windows\System32\Wbem;C:\Windows\System32\WindowsPowerShell\v1.0\
USERNAME=Administrator
OS=Windows_NT
PROCESSOR_IDENTIFIER=x86 Family 6 Model 37 Stepping 5, GenuineIntel



---------------  S Y S T E M  ---------------

OS: Windows 8.1 Build 9600 

CPU:total 4 (2 cores per cpu, 2 threads per core) family 6 model 37 stepping 5, cmov, cx8, fxsr, mmx, sse, sse2, sse3, ssse3, sse4.1, sse4.2, popcnt, ht, tsc, tscinvbit

Memory: 4k page, physical 2019888k(557564k free), swap 5050928k(3298832k free)

vm_info: Java HotSpot(TM) Client VM (24.71-b01) for windows-x86 JRE (1.7.0_71-b14), built on Sep 26 2014 16:30:49 by "java_re" with unknown MS VC++:1600

time: Tue Mar 03 09:45:35 2015
elapsed time: 13 seconds

